<?xml version="1.0" encoding="UTF-8"?>
<testsuite xmlns:xsi="http://www.w3.org/2001/XMLSchema-instance" xsi:noNamespaceSchemaLocation="https://maven.apache.org/surefire/maven-surefire-plugin/xsd/surefire-test-report-3.0.xsd" version="3.0" name="aro.AroTest" time="0.048" tests="10" errors="0" skipped="0" failures="0">
  <properties>
    <property name="java.specification.version" value="15"/>
    <property name="sun.jnu.encoding" value="UTF-8"/>
    <property name="java.class.path" value="/Users/dario/Desktop/Dario/FP DAM/Programación/Recursos generales/Proyectos netbeans/proxectoAro/target/test-classes:/Users/dario/Desktop/Dario/FP DAM/Programación/Recursos generales/Proyectos netbeans/proxectoAro/target/classes:/Users/dario/.m2/repository/org/junit/jupiter/junit-jupiter-api/5.6.0/junit-jupiter-api-5.6.0.jar:/Users/dario/.m2/repository/org/apiguardian/apiguardian-api/1.1.0/apiguardian-api-1.1.0.jar:/Users/dario/.m2/repository/org/opentest4j/opentest4j/1.2.0/opentest4j-1.2.0.jar:/Users/dario/.m2/repository/org/junit/platform/junit-platform-commons/1.6.0/junit-platform-commons-1.6.0.jar:/Users/dario/.m2/repository/org/junit/jupiter/junit-jupiter-params/5.6.0/junit-jupiter-params-5.6.0.jar:/Users/dario/.m2/repository/org/junit/jupiter/junit-jupiter-engine/5.6.0/junit-jupiter-engine-5.6.0.jar:/Users/dario/.m2/repository/org/junit/platform/junit-platform-engine/1.6.0/junit-platform-engine-1.6.0.jar:"/>
    <property name="java.vm.vendor" value="Oracle Corporation"/>
    <property name="sun.arch.data.model" value="64"/>
    <property name="java.vendor.url" value="https://java.oracle.com/"/>
    <property name="os.name" value="Mac OS X"/>
    <property name="java.vm.specification.version" value="15"/>
    <property name="user.country" value="ES"/>
    <property name="sun.java.launcher" value="SUN_STANDARD"/>
    <property name="sun.boot.library.path" value="/Library/Java/JavaVirtualMachines/jdk-15.0.1.jdk/Contents/Home/lib"/>
    <property name="sun.java.command" value="/Users/dario/Desktop/Dario/FP DAM/Programación/Recursos generales/Proyectos netbeans/proxectoAro/target/surefire/surefirebooter1642546969826878426.jar /Users/dario/Desktop/Dario/FP DAM/Programación/Recursos generales/Proyectos netbeans/proxectoAro/target/surefire 2022-03-05T05-55-21_165-jvmRun1 surefire4526717423326913913tmp surefire_011696540224951144133tmp"/>
    <property name="http.nonProxyHosts" value="local|*.local|169.254/16|*.169.254/16"/>
    <property name="jdk.debug" value="release"/>
    <property name="test" value="aro.AroTest"/>
    <property name="surefire.test.class.path" value="/Users/dario/Desktop/Dario/FP DAM/Programación/Recursos generales/Proyectos netbeans/proxectoAro/target/test-classes:/Users/dario/Desktop/Dario/FP DAM/Programación/Recursos generales/Proyectos netbeans/proxectoAro/target/classes:/Users/dario/.m2/repository/org/junit/jupiter/junit-jupiter-api/5.6.0/junit-jupiter-api-5.6.0.jar:/Users/dario/.m2/repository/org/apiguardian/apiguardian-api/1.1.0/apiguardian-api-1.1.0.jar:/Users/dario/.m2/repository/org/opentest4j/opentest4j/1.2.0/opentest4j-1.2.0.jar:/Users/dario/.m2/repository/org/junit/platform/junit-platform-commons/1.6.0/junit-platform-commons-1.6.0.jar:/Users/dario/.m2/repository/org/junit/jupiter/junit-jupiter-params/5.6.0/junit-jupiter-params-5.6.0.jar:/Users/dario/.m2/repository/org/junit/jupiter/junit-jupiter-engine/5.6.0/junit-jupiter-engine-5.6.0.jar:/Users/dario/.m2/repository/org/junit/platform/junit-platform-engine/1.6.0/junit-platform-engine-1.6.0.jar:"/>
    <property name="sun.cpu.endian" value="little"/>
    <property name="user.home" value="/Users/dario"/>
    <property name="user.language" value="es"/>
    <property name="java.specification.vendor" value="Oracle Corporation"/>
    <property name="java.version.date" value="2020-10-20"/>
    <property name="java.home" value="/Library/Java/JavaVirtualMachines/jdk-15.0.1.jdk/Contents/Home"/>
    <property name="file.separator" value="/"/>
    <property name="basedir" value="/Users/dario/Desktop/Dario/FP DAM/Programación/Recursos generales/Proyectos netbeans/proxectoAro"/>
    <property name="java.vm.compressedOopsMode" value="Zero based"/>
    <property name="line.separator" value="&#10;"/>
    <property name="java.specification.name" value="Java Platform API Specification"/>
    <property name="java.vm.specification.vendor" value="Oracle Corporation"/>
    <property name="surefire.real.class.path" value="/Users/dario/Desktop/Dario/FP DAM/Programación/Recursos generales/Proyectos netbeans/proxectoAro/target/surefire/surefirebooter1642546969826878426.jar"/>
    <property name="sun.management.compiler" value="HotSpot 64-Bit Tiered Compilers"/>
    <property name="ftp.nonProxyHosts" value="local|*.local|169.254/16|*.169.254/16"/>
    <property name="java.runtime.version" value="15.0.1+9-18"/>
    <property name="user.name" value="dario"/>
    <property name="path.separator" value=":"/>
    <property name="os.version" value="10.16"/>
    <property name="java.runtime.name" value="Java(TM) SE Runtime Environment"/>
    <property name="file.encoding" value="UTF-8"/>
    <property name="java.vm.name" value="Java HotSpot(TM) 64-Bit Server VM"/>
    <property name="maven.ext.class.path" value="/Applications/NetBeans/Apache NetBeans 12.6.app/Contents/Resources/NetBeans/netbeans/java/maven-nblib/netbeans-eventspy.jar"/>
    <property name="localRepository" value="/Users/dario/.m2/repository"/>
    <property name="java.vendor.url.bug" value="https://bugreport.java.com/bugreport/"/>
    <property name="java.io.tmpdir" value="/var/folders/7_/n0bsv4qd37730kj5psst_hrh0000gn/T/"/>
    <property name="java.version" value="15.0.1"/>
    <property name="user.dir" value="/Users/dario/Desktop/Dario/FP DAM/Programación/Recursos generales/Proyectos netbeans/proxectoAro"/>
    <property name="os.arch" value="x86_64"/>
    <property name="java.vm.specification.name" value="Java Virtual Machine Specification"/>
    <property name="java.library.path" value="/Users/dario/Library/Java/Extensions:/Library/Java/Extensions:/Network/Library/Java/Extensions:/System/Library/Java/Extensions:/usr/lib/java:."/>
    <property name="java.vm.info" value="mixed mode, sharing"/>
    <property name="java.vendor" value="Oracle Corporation"/>
    <property name="java.vm.version" value="15.0.1+9-18"/>
    <property name="sun.io.unicode.encoding" value="UnicodeBig"/>
    <property name="socksNonProxyHosts" value="local|*.local|169.254/16|*.169.254/16"/>
    <property name="java.class.version" value="59.0"/>
  </properties>
  <testcase name="testSetCoordenadaX" classname="aro.AroTest" time="0.018">
    <system-out><![CDATA[setCoordenadaX
]]></system-out>
  </testcase>
  <testcase name="testGetRadio" classname="aro.AroTest" time="0.005">
    <system-out><![CDATA[getRadio
]]></system-out>
  </testcase>
  <testcase name="testObterDiametro" classname="aro.AroTest" time="0.001">
    <system-out><![CDATA[obterDiametro
]]></system-out>
  </testcase>
  <testcase name="testTrasladarCentro" classname="aro.AroTest" time="0.001">
    <system-out><![CDATA[trasladarCentro
]]></system-out>
  </testcase>
  <testcase name="testsetCoordenadaY" classname="aro.AroTest" time="0.001">
    <system-out><![CDATA[setCoordenadaY
]]></system-out>
  </testcase>
  <testcase name="testObterSuperficie" classname="aro.AroTest" time="0.001">
    <system-out><![CDATA[obterSuperficie
]]></system-out>
  </testcase>
  <testcase name="testObterCircunferencia" classname="aro.AroTest" time="0">
    <system-out><![CDATA[obterCircunferencia
]]></system-out>
  </testcase>
  <testcase name="testGetCoordenadaX" classname="aro.AroTest" time="0">
    <system-out><![CDATA[getCoordenadaX
]]></system-out>
  </testcase>
  <testcase name="testGetCoordenadaY" classname="aro.AroTest" time="0.001">
    <system-out><![CDATA[getCoordenadaY
]]></system-out>
  </testcase>
  <testcase name="testSetRadio" classname="aro.AroTest" time="0">
    <system-out><![CDATA[setRadio
]]></system-out>
  </testcase>
</testsuite>